<?xml version="1.0" encoding="UTF-8"?>
<!-- Generated by org.testng.reporters.JUnitReportReporter -->
<testsuite hostname="LAPTOP-14I328U7" failures="0" tests="1" name="Assertions.Using_SoftAssert" time="7.060" errors="0" timestamp="2025-07-15T15:16:29 IST" skipped="0">
  <testcase classname="Assertions.Using_SoftAssert" name="secnario_ss" time="7.060"/>
</testsuite> <!-- Assertions.Using_SoftAssert -->
