<?xml version="1.0" encoding="UTF-8"?>
<!-- Generated by org.testng.reporters.JUnitReportReporter -->
<testsuite hostname="LAPTOP-14I328U7" failures="0" tests="1" name="TestNG.sample" time="0.007" errors="0" timestamp="2025-07-10T15:41:36 IST" skipped="0">
  <testcase classname="TestNG.sample" name="test" time="0.007"/>
</testsuite> <!-- TestNG.sample -->
