<?xml version="1.0" encoding="UTF-8"?>
<!-- Generated by org.testng.reporters.JUnitReportReporter -->
<testsuite hostname="LAPTOP-14I328U7" failures="0" tests="2" name="TestNG.Using_flipkart" time="50.808" errors="0" timestamp="2025-07-14T14:59:24 IST" skipped="0">
  <testcase classname="TestNG.Using_flipkart" name="flipkat" time="26.438">
    <system-out>
      <![CDATA[flipkart]]>
    </system-out>
  </testcase> <!-- flipkat -->
  <testcase classname="TestNG.Using_flipkart" name="flipkat" time="24.370">
    <system-out>
      <![CDATA[flipkart]]>
    </system-out>
  </testcase> <!-- flipkat -->
  <system-out>
    <![CDATA[flipkart
flipkart
amazon
amazon
bookmyshow
bookmyshow]]>
  </system-out>
</testsuite> <!-- TestNG.Using_flipkart -->
