<?xml version="1.0" encoding="UTF-8"?>
<!-- Generated by org.testng.reporters.JUnitReportReporter -->
<testsuite hostname="LAPTOP-14I328U7" failures="0" tests="2" name="Data_Provider.FetchING_DATAprovider" time="6.025" errors="0" timestamp="2025-07-16T14:05:33 IST" skipped="0">
  <testcase classname="Data_Provider.FetchING_DATAprovider" name="test" time="3.006"/>
  <testcase classname="Data_Provider.FetchING_DATAprovider" name="test" time="3.019"/>
</testsuite> <!-- Data_Provider.FetchING_DATAprovider -->
