<?xml version="1.0" encoding="UTF-8"?>
<!-- Generated by org.testng.reporters.JUnitReportReporter -->
<testsuite hostname="LAPTOP-14I328U7" failures="0" tests="3" name="TestNG.Using_Dependsonmethod" time="0.015" errors="0" timestamp="2025-07-11T20:22:38 IST" skipped="0">
  <testcase classname="TestNG.Using_Dependsonmethod" name="create" time="0.001">
    <system-out>
      <![CDATA[create]]>
    </system-out>
  </testcase> <!-- create -->
  <testcase classname="TestNG.Using_Dependsonmethod" name="login" time="0.001">
    <system-out>
      <![CDATA[login]]>
    </system-out>
  </testcase> <!-- login -->
  <testcase classname="TestNG.Using_Dependsonmethod" name="register" time="0.013">
    <system-out>
      <![CDATA[register]]>
    </system-out>
  </testcase> <!-- register -->
  <system-out>
    <![CDATA[register
login
create]]>
  </system-out>
</testsuite> <!-- TestNG.Using_Dependsonmethod -->
