<?xml version="1.0" encoding="UTF-8"?>
<!-- Generated by org.testng.reporters.JUnitReportReporter -->
<testsuite hostname="LAPTOP-14I328U7" failures="0" tests="2" name="TestNG.Using_amazon" time="14.891" errors="0" timestamp="2025-07-14T14:59:24 IST" skipped="0">
  <testcase classname="TestNG.Using_amazon" name="amazon" time="7.959">
    <system-out>
      <![CDATA[amazon]]>
    </system-out>
  </testcase> <!-- amazon -->
  <testcase classname="TestNG.Using_amazon" name="amazon" time="6.932">
    <system-out>
      <![CDATA[amazon]]>
    </system-out>
  </testcase> <!-- amazon -->
  <system-out>
    <![CDATA[flipkart
flipkart
amazon
amazon
bookmyshow
bookmyshow]]>
  </system-out>
</testsuite> <!-- TestNG.Using_amazon -->
