<?xml version="1.0" encoding="UTF-8"?>
<!-- Generated by org.testng.reporters.JUnitReportReporter -->
<testsuite hostname="LAPTOP-14I328U7" failures="0" tests="1" name="TestNG.Using_demoQspiders" time="8.081" errors="0" timestamp="2025-07-14T13:52:25 IST" skipped="0">
  <testcase classname="TestNG.Using_demoQspiders" name="qspiders" time="8.081">
    <system-out>
      <![CDATA[qspiders]]>
    </system-out>
  </testcase> <!-- qspiders -->
  <system-out>
    <![CDATA[flipkart
amazon
qspiders
bookmyshow]]>
  </system-out>
</testsuite> <!-- TestNG.Using_demoQspiders -->
