<?xml version="1.0" encoding="UTF-8"?>
<!-- Generated by org.testng.reporters.JUnitReportReporter -->
<testsuite hostname="LAPTOP-14I328U7" failures="0" tests="2" name="TestNG.Bookmyshow" time="103.339" errors="0" timestamp="2025-07-14T14:59:24 IST" skipped="0">
  <testcase classname="TestNG.Bookmyshow" name="bookmyshow" time="40.400">
    <system-out>
      <![CDATA[bookmyshow]]>
    </system-out>
  </testcase> <!-- bookmyshow -->
  <testcase classname="TestNG.Bookmyshow" name="bookmyshow" time="62.939">
    <system-out>
      <![CDATA[bookmyshow]]>
    </system-out>
  </testcase> <!-- bookmyshow -->
  <system-out>
    <![CDATA[flipkart
flipkart
amazon
amazon
bookmyshow
bookmyshow]]>
  </system-out>
</testsuite> <!-- TestNG.Bookmyshow -->
