<?xml version="1.0" encoding="UTF-8"?>
<!-- Generated by org.testng.reporters.JUnitReportReporter -->
<testsuite hostname="LAPTOP-14I328U7" failures="0" tests="5" name="TestNG.Using_invocationcount" time="0.007" errors="0" timestamp="2025-07-11T20:22:38 IST" skipped="0">
  <testcase classname="TestNG.Using_invocationcount" name="register" time="0.001"/>
  <testcase classname="TestNG.Using_invocationcount" name="login" time="0.001"/>
  <testcase classname="TestNG.Using_invocationcount" name="create" time="0.001"/>
  <testcase classname="TestNG.Using_invocationcount" name="create" time="0.001"/>
  <testcase classname="TestNG.Using_invocationcount" name="create" time="0.003"/>
  <system-out>
    <![CDATA[register
login
create]]>
  </system-out>
</testsuite> <!-- TestNG.Using_invocationcount -->
