<?xml version="1.0" encoding="UTF-8"?>
<!-- Generated by org.testng.reporters.JUnitReportReporter -->
<testsuite hostname="LAPTOP-14I328U7" failures="0" tests="2" name="Using_annotations.Utilizing_base_class" time="0.008" errors="0" timestamp="2025-07-16T15:04:05 IST" skipped="0">
  <testcase classname="Using_annotations.Utilizing_base_class" name="demotest2" time="0.003"/>
  <testcase classname="Using_annotations.Utilizing_base_class" name="demotest" time="0.005"/>
</testsuite> <!-- Using_annotations.Utilizing_base_class -->
