<?xml version="1.0" encoding="UTF-8"?>
<!-- Generated by org.testng.reporters.JUnitReportReporter -->
<testsuite hostname="LAPTOP-14I328U7" failures="0" tests="3" name="TestNG.Using_priority_Flag" time="0.013" errors="0" timestamp="2025-07-14T13:35:00 IST" skipped="0">
  <testcase classname="TestNG.Using_priority_Flag" name="register" time="0.010"/>
  <testcase classname="TestNG.Using_priority_Flag" name="login" time="0.002"/>
  <testcase classname="TestNG.Using_priority_Flag" name="create" time="0.001"/>
</testsuite> <!-- TestNG.Using_priority_Flag -->
