<?xml version="1.0" encoding="UTF-8"?>
<!-- Generated by org.testng.reporters.JUnitReportReporter -->
<testsuite hostname="LAPTOP-14I328U7" failures="0" tests="3" name="TestNG.Using_Enabled" time="0.002" errors="0" timestamp="2025-07-11T20:22:38 IST" skipped="1">
  <testcase classname="TestNG.Using_Enabled" name="register" time="0.001"/>
  <testcase classname="TestNG.Using_Enabled" name="login" time="0.001"/>
  <testcase classname="TestNG.Using_Enabled" name="create">
    <skipped/>
  </testcase> <!-- create -->
  <system-out>
    <![CDATA[register
login
create]]>
  </system-out>
</testsuite> <!-- TestNG.Using_Enabled -->
